p = 10000000, seed = 1, n_threads = 2, max_iters = 1000
Execution time: 57176.064000 ms 
Last 3 values of Y: 62.724041, 73.120437, 91.351481 
Last 3 values of Y_avgs: 171.035899, 171.206777, 171.377655 

p = 10000000, seed = 1, n_threads = 2, max_iters = 1000
Execution time: 57137.269000 ms 
Last 3 values of Y: 62.724041, 73.120437, 91.351481 
Last 3 values of Y_avgs: 171.035899, 171.206777, 171.377655 

p = 10000000, seed = 1, n_threads = 2, max_iters = 1000
Execution time: 57229.047000 ms 
Last 3 values of Y: 62.724041, 73.120437, 91.351481 
Last 3 values of Y_avgs: 171.035899, 171.206777, 171.377655 

p = 10000000, seed = 1, n_threads = 2, max_iters = 1000
Execution time: 57172.125000 ms 
Last 3 values of Y: 62.724041, 73.120437, 91.351481 
Last 3 values of Y_avgs: 171.035899, 171.206777, 171.377655 

p = 10000000, seed = 1, n_threads = 2, max_iters = 1000
Execution time: 57153.301000 ms 
Last 3 values of Y: 62.724041, 73.120437, 91.351481 
Last 3 values of Y_avgs: 171.035899, 171.206777, 171.377655 

p = 10000000, seed = 1, n_threads = 2, max_iters = 1000
Execution time: 57141.866000 ms 
Last 3 values of Y: 62.724041, 73.120437, 91.351481 
Last 3 values of Y_avgs: 171.035899, 171.206777, 171.377655 

p = 10000000, seed = 1, n_threads = 2, max_iters = 1000
Execution time: 57218.944000 ms 
Last 3 values of Y: 62.724041, 73.120437, 91.351481 
Last 3 values of Y_avgs: 171.035899, 171.206777, 171.377655 

p = 10000000, seed = 1, n_threads = 2, max_iters = 1000
Execution time: 57243.753000 ms 
Last 3 values of Y: 62.724041, 73.120437, 91.351481 
Last 3 values of Y_avgs: 171.035899, 171.206777, 171.377655 

p = 10000000, seed = 1, n_threads = 2, max_iters = 1000
Execution time: 57138.084000 ms 
Last 3 values of Y: 62.724041, 73.120437, 91.351481 
Last 3 values of Y_avgs: 171.035899, 171.206777, 171.377655 

p = 10000000, seed = 1, n_threads = 2, max_iters = 1000
Execution time: 57291.812000 ms 
Last 3 values of Y: 62.724041, 73.120437, 91.351481 
Last 3 values of Y_avgs: 171.035899, 171.206777, 171.377655